<?xml version="1.0" encoding="UTF-8"?>
<testng-results ignored="0" total="2" passed="2" failed="0" skipped="0">
  <reporter-output>
  </reporter-output>
  <suite started-at="2020-03-31T23:21:53Z" name="Default suite" finished-at="2020-03-31T23:21:53Z" duration-ms="46">
    <groups>
    </groups>
    <test started-at="2020-03-31T23:21:53Z" name="Default test" finished-at="2020-03-31T23:21:53Z" duration-ms="46">
      <class name="com.qa.test.LoginTest">
        <test-method is-config="true" signature="browserPage()[pri:0, instance:com.qa.test.LoginTest@13c10b87]" started-at="2020-03-31T23:21:53Z" name="browserPage" finished-at="2020-03-31T23:21:53Z" duration-ms="13" status="PASS">
          <reporter-output>
          </reporter-output>
        </test-method> <!-- browserPage -->
        <test-method signature="Test_1()[pri:0, instance:com.qa.test.LoginTest@13c10b87]" started-at="2020-03-31T23:21:53Z" name="Test_1" finished-at="2020-03-31T23:21:53Z" duration-ms="7" status="PASS">
          <reporter-output>
          </reporter-output>
        </test-method> <!-- Test_1 -->
        <test-method signature="Test_2()[pri:0, instance:com.qa.test.LoginTest@13c10b87]" started-at="2020-03-31T23:21:53Z" name="Test_2" finished-at="2020-03-31T23:21:53Z" duration-ms="3" status="PASS">
          <reporter-output>
          </reporter-output>
        </test-method> <!-- Test_2 -->
      </class> <!-- com.qa.test.LoginTest -->
    </test> <!-- Default test -->
  </suite> <!-- Default suite -->
</testng-results>
