<?xml version="1.0" encoding="UTF-8"?>
<testng-results ignored="0" total="1" passed="1" failed="0" skipped="0">
  <reporter-output>
  </reporter-output>
  <suite started-at="2020-03-30T14:00:50Z" name="Default suite" finished-at="2020-03-30T14:00:50Z" duration-ms="39">
    <groups>
    </groups>
    <test started-at="2020-03-30T14:00:50Z" name="Default test" finished-at="2020-03-30T14:00:50Z" duration-ms="39">
      <class name="com.qa.test.LoginTest">
        <test-method signature="Test_1()[pri:0, instance:com.qa.test.LoginTest@79ca92b9]" started-at="2020-03-30T14:00:50Z" name="Test_1" finished-at="2020-03-30T14:00:50Z" duration-ms="12" status="PASS">
          <reporter-output>
          </reporter-output>
        </test-method> <!-- Test_1 -->
      </class> <!-- com.qa.test.LoginTest -->
    </test> <!-- Default test -->
  </suite> <!-- Default suite -->
</testng-results>
